<?xml version="1.0" encoding="UTF-8"?>
<!-- Generated by org.testng.reporters.JUnitXMLReporter -->
<testsuite hostname="IN-SATHEESHNAI" ignored="2" name="Test" tests="3" failures="1" timestamp="18 Feb 2019 13:03:43 GMT" time="44.166" errors="0">
  <testcase name="testcase" time="8.436" classname="regression.TC_AddNewPosition"/>
  <testcase name="loginasvendor" time="7.763" classname="regression.TC_AddNewResource"/>
  <testcase name="loginasvendor" time="0.172" classname="regression.TC_OrderOwner_Approval">
    <failure type="java.lang.IllegalArgumentException" message="Keys to send should be a not null CharSequence">
      <![CDATA[java.lang.IllegalArgumentException: Keys to send should be a not null CharSequence
at org.openqa.selenium.remote.RemoteWebElement.sendKeys(RemoteWebElement.java:97)
at pages.Login.password(Login.java:53)
at regression.TC_OrderOwner_Approval.loginasvendor(TC_OrderOwner_Approval.java:31)
... Removed 25 stack frames]]>
    </failure>
  </testcase> <!-- loginasvendor -->
  <testcase name="@BeforeSuite CreateErrorRepFolder" time="0.0" classname="reusableLibrary.DriverFactory">
    <ignored/>
  </testcase> <!-- @BeforeSuite CreateErrorRepFolder -->
  <testcase name="@BeforeSuite CreateErrorRepFolder" time="0.0" classname="reusableLibrary.DriverFactory">
    <ignored/>
  </testcase> <!-- @BeforeSuite CreateErrorRepFolder -->
</testsuite> <!-- Test -->
