<?xml version="1.0" encoding="UTF-8"?>
<!-- Generated by org.testng.reporters.JUnitXMLReporter -->
<testsuite hostname="IN-SATHEESHNAI" ignored="2" name="Test" tests="3" failures="0" timestamp="22 Feb 2019 07:13:46 GMT" time="59.578" errors="0">
  <testcase name="testcase" time="15.693" classname="regression.TC_AddNewPosition"/>
  <testcase name="loginasvendor" time="7.965" classname="regression.TC_AddNewResource"/>
  <testcase name="loginasvendor" time="7.711" classname="regression.TC_OrderOwner_Approval"/>
  <testcase name="@BeforeSuite CreateErrorRepFolder" time="0.0" classname="reusableLibrary.DriverFactory">
    <ignored/>
  </testcase> <!-- @BeforeSuite CreateErrorRepFolder -->
  <testcase name="@BeforeSuite CreateErrorRepFolder" time="0.0" classname="reusableLibrary.DriverFactory">
    <ignored/>
  </testcase> <!-- @BeforeSuite CreateErrorRepFolder -->
</testsuite> <!-- Test -->
