<?xml version="1.0" encoding="UTF-8"?>
<!-- Generated by org.testng.reporters.JUnitXMLReporter -->
<testsuite hostname="IN-SATHEESHNAI" ignored="0" name="Default test" tests="7" failures="0" timestamp="05 Mar 2019 07:24:50 GMT" time="169.699" errors="0">
  <testcase name="loginasvendor" time="8.451" classname="regression.TC_AddNewResource"/>
  <testcase name="clickontask" time="6.44" classname="regression.TC_AddNewResource"/>
  <testcase name="clickonresource" time="6.811" classname="regression.TC_AddNewResource"/>
  <testcase name="addnewresource" time="8.871" classname="regression.TC_AddNewResource"/>
  <testcase name="enterresourcedetails" time="90.488" classname="regression.TC_AddNewResource"/>
  <testcase name="submitresource" time="7.481" classname="regression.TC_AddNewResource"/>
  <testcase name="logout" time="7.599" classname="regression.TC_AddNewResource"/>
</testsuite> <!-- Default test -->
