<?xml version="1.0" encoding="UTF-8"?>
<!-- Generated by org.testng.reporters.JUnitXMLReporter -->
<testsuite hostname="IN-SATHEESHNAI" ignored="0" name="Default test" tests="6" failures="0" timestamp="13 Feb 2019 09:59:44 GMT" time="243.711" errors="0">
  <testcase name="loginasvendor" time="9.529" classname="jj.test.TC_AddNewResource"/>
  <testcase name="clickontask" time="11.689" classname="jj.test.TC_AddNewResource"/>
  <testcase name="clickonresource" time="7.417" classname="jj.test.TC_AddNewResource"/>
  <testcase name="addnewresource" time="17.118" classname="jj.test.TC_AddNewResource"/>
  <testcase name="enterresourcedetails" time="186.024" classname="jj.test.TC_AddNewResource"/>
  <testcase name="logout" time="11.893" classname="jj.test.TC_AddNewResource"/>
</testsuite> <!-- Default test -->
