<?xml version="1.0" encoding="UTF-8"?>
<testng-results skipped="0" failed="0" ignored="0" total="5" passed="5">
  <reporter-output>
    <line>
      <![CDATA[Exception in ExtentManager function]]>
    </line>
    <line>
      <![CDATA[C:\Users\satheeshnair\AppianJ&J\ExecutionReports\AutomationTestReport.html]]>
    </line>
    <line>
      <![CDATA[Exception in ExtentManager function]]>
    </line>
    <line>
      <![CDATA[Exception in ExtentManager function]]>
    </line>
    <line>
      <![CDATA[Exception in ExtentManager function]]>
    </line>
  </reporter-output>
  <suite name="Default suite" duration-ms="207221" started-at="2019-02-04T11:48:49Z" finished-at="2019-02-04T11:52:16Z">
    <groups>
    </groups>
    <test name="Default test" duration-ms="207221" started-at="2019-02-04T11:48:49Z" finished-at="2019-02-04T11:52:16Z">
      <class name="jj.test.TC_AddNewResource">
        <test-method status="PASS" signature="setup()[pri:0, instance:jj.test.TC_AddNewResource@204f30ec]" name="setup" is-config="true" duration-ms="6856" started-at="2019-02-04T11:48:42Z" finished-at="2019-02-04T11:48:49Z">
          <reporter-output>
          </reporter-output>
        </test-method> <!-- setup -->
        <test-method status="PASS" signature="loginasvendor()[pri:0, instance:jj.test.TC_AddNewResource@204f30ec]" name="loginasvendor" duration-ms="6941" started-at="2019-02-04T11:48:49Z" finished-at="2019-02-04T11:48:56Z">
          <reporter-output>
            <line>
              <![CDATA[Exception in ExtentManager function]]>
            </line>
            <line>
              <![CDATA[C:\Users\satheeshnair\AppianJ&J\ExecutionReports\AutomationTestReport.html]]>
            </line>
          </reporter-output>
        </test-method> <!-- loginasvendor -->
        <test-method status="PASS" signature="clickontask()[pri:1, instance:jj.test.TC_AddNewResource@204f30ec]" name="clickontask" duration-ms="8659" started-at="2019-02-04T11:48:56Z" finished-at="2019-02-04T11:49:05Z">
          <reporter-output>
            <line>
              <![CDATA[Exception in ExtentManager function]]>
            </line>
          </reporter-output>
        </test-method> <!-- clickontask -->
        <test-method status="PASS" signature="clickonresource()[pri:2, instance:jj.test.TC_AddNewResource@204f30ec]" name="clickonresource" duration-ms="4370" started-at="2019-02-04T11:49:05Z" finished-at="2019-02-04T11:49:09Z">
          <reporter-output>
            <line>
              <![CDATA[Exception in ExtentManager function]]>
            </line>
          </reporter-output>
        </test-method> <!-- clickonresource -->
        <test-method status="PASS" signature="addnewresource()[pri:3, instance:jj.test.TC_AddNewResource@204f30ec]" name="addnewresource" duration-ms="13819" started-at="2019-02-04T11:49:09Z" finished-at="2019-02-04T11:49:23Z">
          <reporter-output>
            <line>
              <![CDATA[Exception in ExtentManager function]]>
            </line>
          </reporter-output>
        </test-method> <!-- addnewresource -->
        <test-method status="PASS" signature="enterresourcedetails()[pri:4, instance:jj.test.TC_AddNewResource@204f30ec]" name="enterresourcedetails" duration-ms="173398" started-at="2019-02-04T11:49:23Z" finished-at="2019-02-04T11:52:16Z">
          <reporter-output>
          </reporter-output>
        </test-method> <!-- enterresourcedetails -->
        <test-method status="PASS" signature="tearDown()[pri:0, instance:jj.test.TC_AddNewResource@204f30ec]" name="tearDown" is-config="true" duration-ms="316" started-at="2019-02-04T11:52:16Z" finished-at="2019-02-04T11:52:17Z">
          <reporter-output>
          </reporter-output>
        </test-method> <!-- tearDown -->
      </class> <!-- jj.test.TC_AddNewResource -->
    </test> <!-- Default test -->
  </suite> <!-- Default suite -->
</testng-results>
